<?xml version="1.0" encoding="UTF-8"?>
<!-- Generated by org.testng.reporters.JUnitReportReporter -->
<testsuite hostname="DESKTOP-KP0OG9U" failures="0" tests="1" name="com.crudOperationWithBDD.modifyProject" time="4.533" errors="0" timestamp="2022-09-06T11:31:52 IST" skipped="0">
  <testcase classname="com.crudOperationWithBDD.modifyProject" name="updateProject" time="4.533"/>
  <system-out/>
</testsuite> <!-- com.crudOperationWithBDD.modifyProject -->
