<?xml version="1.0" encoding="UTF-8"?>
<!-- Generated by org.testng.reporters.JUnitReportReporter -->
<testsuite hostname="DESKTOP-KP0OG9U" failures="0" tests="1" name="crudOperationWithBDD.fetchParticularProject$fetch_1_Project" time="3.165" errors="0" timestamp="2022-09-02T15:32:45 IST" skipped="0">
  <testcase classname="crudOperationWithBDD.fetchParticularProject$fetch_1_Project" name="getAllProjects" time="3.165"/>
  <system-out/>
</testsuite> <!-- crudOperationWithBDD.fetchParticularProject$fetch_1_Project -->
