<?xml version="1.0" encoding="UTF-8"?>
<!-- Generated by org.testng.reporters.JUnitReportReporter -->
<testsuite hostname="DESKTOP-KP0OG9U" failures="0" tests="1" name="validation.ResponseTimeValidation" time="3.177" errors="0" timestamp="2022-09-05T15:14:31 IST" skipped="0">
  <testcase classname="validation.ResponseTimeValidation" name="responseTimeValidation" time="3.177"/>
  <system-out/>
</testsuite> <!-- validation.ResponseTimeValidation -->
