<?xml version="1.0" encoding="UTF-8"?>
<!-- Generated by org.testng.reporters.JUnitReportReporter -->
<testsuite hostname="DESKTOP-KP0OG9U" failures="0" tests="1" name="validation.dynamicValidation" time="4.216" errors="0" timestamp="2022-09-05T13:12:58 IST" skipped="0">
  <testcase classname="validation.dynamicValidation" name="dynamic" time="4.216"/>
  <system-out/>
</testsuite> <!-- validation.dynamicValidation -->
