<?xml version="1.0" encoding="UTF-8"?>
<!-- Generated by org.testng.reporters.JUnitReportReporter -->
<testsuite hostname="DESKTOP-KP0OG9U" failures="0" tests="1" name="Secenario.RestAssuredSecenario" time="26.017" errors="0" timestamp="2022-09-07T17:45:06 IST" skipped="0">
  <testcase classname="Secenario.RestAssuredSecenario" name="VerifyUsingGUI" time="26.017"/>
  <system-out/>
</testsuite> <!-- Secenario.RestAssuredSecenario -->
