<?xml version="1.0" encoding="UTF-8"?>
<!-- Generated by org.testng.reporters.JUnitReportReporter -->
<testsuite hostname="DESKTOP-KP0OG9U" failures="0" tests="1" name="validation.createUpdateReadAndDeleteVerifyUsingJDBC" time="6.611" errors="0" timestamp="2022-09-06T10:14:14 IST" skipped="0">
  <testcase classname="validation.createUpdateReadAndDeleteVerifyUsingJDBC" name="VerifyUsingJDBC" time="6.611"/>
  <system-out/>
</testsuite> <!-- validation.createUpdateReadAndDeleteVerifyUsingJDBC -->
