<?xml version="1.0" encoding="UTF-8"?>
<!-- Generated by org.testng.reporters.JUnitReportReporter -->
<testsuite hostname="DESKTOP-KP0OG9U" failures="0" tests="1" name="crudOperationWithBDD.fetchParticularProject$fetchAllProjects" time="3.461" errors="0" timestamp="2022-09-02T15:27:01 IST" skipped="0">
  <testcase classname="crudOperationWithBDD.fetchParticularProject$fetchAllProjects" name="getAllProjects" time="3.461"/>
  <system-out/>
</testsuite> <!-- crudOperationWithBDD.fetchParticularProject$fetchAllProjects -->
