<?xml version="1.0" encoding="UTF-8"?>
<!-- Generated by org.testng.reporters.JUnitReportReporter -->
<testsuite hostname="DESKTOP-KP0OG9U" failures="0" tests="1" name="com.DifferentWaysToPost.addProjectWithHashMap" time="3.883" errors="0" timestamp="2022-09-05T10:24:26 IST" skipped="0">
  <testcase classname="com.DifferentWaysToPost.addProjectWithHashMap" name="createProject" time="3.883"/>
  <system-out/>
</testsuite> <!-- com.DifferentWaysToPost.addProjectWithHashMap -->
