<?xml version="1.0" encoding="UTF-8"?>
<!-- Generated by org.testng.reporters.JUnitReportReporter -->
<testsuite hostname="DESKTOP-KP0OG9U" failures="0" tests="1" name="crudOperationWithBDD.fetchParticularProject" time="3.233" errors="0" timestamp="2022-09-02T15:33:54 IST" skipped="0">
  <testcase classname="crudOperationWithBDD.fetchParticularProject" name="fetch_1_Project" time="3.233"/>
  <system-out/>
</testsuite> <!-- crudOperationWithBDD.fetchParticularProject -->
