<?xml version="1.0" encoding="UTF-8"?>
<!-- Generated by org.testng.reporters.JUnitReportReporter -->
<testsuite hostname="DESKTOP-KP0OG9U" failures="0" tests="1" name="reqresAssignment.updateUsingBDD" time="6.772" errors="0" timestamp="2022-09-05T11:12:49 IST" skipped="0">
  <testcase classname="reqresAssignment.updateUsingBDD" name="updatereqres" time="6.772"/>
  <system-out/>
</testsuite> <!-- reqresAssignment.updateUsingBDD -->
