<?xml version="1.0" encoding="UTF-8"?>
<!-- Generated by org.testng.reporters.JUnitReportReporter -->
<testsuite hostname="DESKTOP-KP0OG9U" failures="0" tests="1" name="requestChaining.postAndDeleteTest" time="5.273" errors="0" timestamp="2022-09-05T16:15:08 IST" skipped="0">
  <testcase classname="requestChaining.postAndDeleteTest" name="requestChaining1" time="5.273"/>
  <system-out/>
</testsuite> <!-- requestChaining.postAndDeleteTest -->
