<?xml version="1.0" encoding="UTF-8"?>
<!-- Generated by org.testng.reporters.JUnitReportReporter -->
<testsuite hostname="DESKTOP-KP0OG9U" failures="0" tests="1" name="staticValidation" time="4.433" errors="0" timestamp="2022-09-05T12:35:45 IST" skipped="0">
  <testcase classname="staticValidation" name="staticResponseGet" time="4.433"/>
  <system-out/>
</testsuite> <!-- staticValidation -->
