<?xml version="1.0" encoding="UTF-8"?>
<!-- Generated by org.testng.reporters.JUnitReportReporter -->
<testsuite hostname="DESKTOP-KP0OG9U" failures="0" tests="1" name="Authentication.digestiveAuth" time="3.120" errors="0" timestamp="2022-09-06T12:34:55 IST" skipped="0">
  <testcase classname="Authentication.digestiveAuth" name="DigestiveAuth" time="3.120"/>
  <system-out/>
</testsuite> <!-- Authentication.digestiveAuth -->
