<?xml version="1.0" encoding="UTF-8"?>
<!-- Generated by org.testng.reporters.JUnitReportReporter -->
<testsuite hostname="DESKTOP-KP0OG9U" failures="0" tests="1" name="crudOprationWithoutBDD.addProjectTest" time="5.060" errors="0" timestamp="2022-09-08T10:24:04 IST" skipped="0">
  <testcase classname="crudOprationWithoutBDD.addProjectTest" name="Create" time="5.060"/>
  <system-out/>
</testsuite> <!-- crudOprationWithoutBDD.addProjectTest -->
