<?xml version="1.0" encoding="UTF-8"?>
<!-- Generated by org.testng.reporters.JUnitReportReporter -->
<testsuite hostname="DESKTOP-KP0OG9U" failures="0" tests="1" name="reqresAssignment.postUsingBDD" time="6.937" errors="0" timestamp="2022-09-05T11:01:40 IST" skipped="0">
  <testcase classname="reqresAssignment.postUsingBDD" name="createData" time="6.937"/>
  <system-out/>
</testsuite> <!-- reqresAssignment.postUsingBDD -->
