<?xml version="1.0" encoding="UTF-8"?>
<!-- Generated by org.testng.reporters.JUnitReportReporter -->
<testsuite hostname="DESKTOP-KP0OG9U" failures="0" tests="1" name="CRUDOperationUsingGenericUtilities.FetchSingleProject" time="3.071" errors="0" timestamp="2022-09-07T13:25:08 IST" skipped="0">
  <testcase classname="CRUDOperationUsingGenericUtilities.FetchSingleProject" name="fetchSingleProject" time="3.071"/>
  <system-out/>
</testsuite> <!-- CRUDOperationUsingGenericUtilities.FetchSingleProject -->
