<?xml version="1.0" encoding="UTF-8"?>
<!-- Generated by org.testng.reporters.JUnitReportReporter -->
<testsuite hostname="DESKTOP-KP0OG9U" failures="0" tests="1" name="crudOprationWithoutBDD.fetchProject" time="3.167" errors="0" timestamp="2022-09-01T17:29:21 IST" skipped="0">
  <testcase classname="crudOprationWithoutBDD.fetchProject" name="fetch" time="3.167"/>
  <system-out/>
</testsuite> <!-- crudOprationWithoutBDD.fetchProject -->
