<?xml version="1.0" encoding="UTF-8"?>
<!-- Generated by org.testng.reporters.JUnitReportReporter -->
<testsuite hostname="DESKTOP-KP0OG9U" failures="0" tests="1" name="crudOperationWithBDD.modifyProject" time="4.044" errors="0" timestamp="2022-09-02T15:43:02 IST" skipped="0">
  <testcase classname="crudOperationWithBDD.modifyProject" name="updateProject" time="4.044"/>
  <system-out/>
</testsuite> <!-- crudOperationWithBDD.modifyProject -->
