<?xml version="1.0" encoding="UTF-8"?>
<!-- Generated by org.testng.reporters.JUnitReportReporter -->
<testsuite hostname="DESKTOP-KP0OG9U" failures="0" tests="1" name="Authentication.preamtiveAuth" time="3.448" errors="0" timestamp="2022-09-06T12:34:41 IST" skipped="0">
  <testcase classname="Authentication.preamtiveAuth" name="PreamtiveAuth" time="3.448"/>
  <system-out/>
</testsuite> <!-- Authentication.preamtiveAuth -->
