<?xml version="1.0" encoding="UTF-8"?>
<!-- Generated by org.testng.reporters.JUnitReportReporter -->
<testsuite hostname="DESKTOP-KP0OG9U" failures="0" tests="1" name="crudOprationWithoutBDD.modifyProject" time="3.962" errors="0" timestamp="2022-09-01T17:13:40 IST" skipped="0">
  <testcase classname="crudOprationWithoutBDD.modifyProject" name="Modify" time="3.962"/>
  <system-out/>
</testsuite> <!-- crudOprationWithoutBDD.modifyProject -->
