<?xml version="1.0" encoding="UTF-8"?>
<!-- Generated by org.testng.reporters.JUnitReportReporter -->
<testsuite hostname="DESKTOP-KP0OG9U" failures="0" tests="1" name="Authentication.basicAuth" time="3.848" errors="0" timestamp="2022-09-06T12:23:06 IST" skipped="0">
  <testcase classname="Authentication.basicAuth" name="BasicAuth" time="3.848"/>
  <system-out/>
</testsuite> <!-- Authentication.basicAuth -->
