<?xml version="1.0" encoding="UTF-8"?>
<!-- Generated by org.testng.reporters.JUnitReportReporter -->
<testsuite hostname="DESKTOP-KP0OG9U" failures="0" tests="1" name="requestChaining.postAndPut" time="5.336" errors="0" timestamp="2022-09-05T17:31:09 IST" skipped="0">
  <testcase classname="requestChaining.postAndPut" name="requestChaining3" time="5.336"/>
  <system-out/>
</testsuite> <!-- requestChaining.postAndPut -->
