<?xml version="1.0" encoding="UTF-8"?>
<!-- Generated by org.testng.reporters.JUnitReportReporter -->
<testsuite hostname="DESKTOP-KP0OG9U" failures="0" tests="1" name="com.DifferentWaysToPost.addProjectWithJsonObject" time="3.793" errors="0" timestamp="2022-09-05T10:22:55 IST" skipped="0">
  <testcase classname="com.DifferentWaysToPost.addProjectWithJsonObject" name="createProject" time="3.793"/>
  <system-out/>
</testsuite> <!-- com.DifferentWaysToPost.addProjectWithJsonObject -->
