<?xml version="1.0" encoding="UTF-8"?>
<!-- Generated by org.testng.reporters.JUnitReportReporter -->
<testsuite hostname="DESKTOP-KP0OG9U" failures="0" tests="1" name="Authentication.bearerTokenTest" time="4.335" errors="0" timestamp="2022-09-06T12:49:20 IST" skipped="0">
  <testcase classname="Authentication.bearerTokenTest" name="bearerToken" time="4.335"/>
  <system-out/>
</testsuite> <!-- Authentication.bearerTokenTest -->
