<?xml version="1.0" encoding="UTF-8"?>
<!-- Generated by org.testng.reporters.JUnitReportReporter -->
<testsuite hostname="DESKTOP-KP0OG9U" failures="0" tests="1" name="reqresAssignment.patchUsingBDD" time="5.595" errors="0" timestamp="2022-09-05T11:18:37 IST" skipped="0">
  <testcase classname="reqresAssignment.patchUsingBDD" name="patchReqres" time="5.595"/>
  <system-out/>
</testsuite> <!-- reqresAssignment.patchUsingBDD -->
