<?xml version="1.0" encoding="UTF-8"?>
<!-- Generated by org.testng.reporters.JUnitReportReporter -->
<testsuite hostname="DESKTOP-KP0OG9U" failures="0" tests="1" name="crudOprationWithoutBDD.getSingleProject" time="3.903" errors="0" timestamp="2022-09-02T10:40:02 IST" skipped="0">
  <testcase classname="crudOprationWithoutBDD.getSingleProject" name="singleFetch" time="3.903"/>
  <system-out/>
</testsuite> <!-- crudOprationWithoutBDD.getSingleProject -->
