<?xml version="1.0" encoding="UTF-8"?>
<!-- Generated by org.testng.reporters.JUnitReportReporter -->
<testsuite hostname="DESKTOP-KP0OG9U" failures="0" tests="1" name="CRUDOperationUsingGenericUtilities.CreateProjectTest" time="3.771" errors="0" timestamp="2022-09-07T13:13:46 IST" skipped="0">
  <testcase classname="CRUDOperationUsingGenericUtilities.CreateProjectTest" name="createProject" time="3.771"/>
  <system-out/>
</testsuite> <!-- CRUDOperationUsingGenericUtilities.CreateProjectTest -->
