<?xml version="1.0" encoding="UTF-8"?>
<!-- Generated by org.testng.reporters.JUnitReportReporter -->
<testsuite hostname="DESKTOP-KP0OG9U" failures="0" tests="1" name="reqresAssignment.fetchSingleProject" time="4.939" errors="0" timestamp="2022-09-05T11:28:52 IST" skipped="0">
  <testcase classname="reqresAssignment.fetchSingleProject" name="fetchproject" time="4.939"/>
  <system-out/>
</testsuite> <!-- reqresAssignment.fetchSingleProject -->
