<?xml version="1.0" encoding="UTF-8"?>
<!-- Generated by org.testng.reporters.JUnitReportReporter -->
<testsuite hostname="DESKTOP-KP0OG9U" failures="0" tests="1" name="reqresAssignment.fetchAllProject" time="5.467" errors="0" timestamp="2022-09-05T11:32:45 IST" skipped="0">
  <testcase classname="reqresAssignment.fetchAllProject" name="getAllProject" time="5.467"/>
  <system-out/>
</testsuite> <!-- reqresAssignment.fetchAllProject -->
