<?xml version="1.0" encoding="UTF-8"?>
<!-- Generated by org.testng.reporters.JUnitReportReporter -->
<testsuite hostname="DESKTOP-KP0OG9U" failures="0" tests="1" name="reqresAssignment.deleteUsingBDD" time="5.908" errors="0" timestamp="2022-09-05T11:23:34 IST" skipped="0">
  <testcase classname="reqresAssignment.deleteUsingBDD" name="deleteReqres" time="5.908"/>
  <system-out/>
</testsuite> <!-- reqresAssignment.deleteUsingBDD -->
