<?xml version="1.0" encoding="UTF-8"?>
<!-- Generated by org.testng.reporters.JUnitReportReporter -->
<testsuite hostname="DESKTOP-KP0OG9U" failures="0" tests="1" name="parameters.queryParameter" time="3.958" errors="0" timestamp="2022-09-06T12:14:23 IST" skipped="0">
  <testcase classname="parameters.queryParameter" name="QueryParameter" time="3.958"/>
  <system-out/>
</testsuite> <!-- parameters.queryParameter -->
