<?xml version="1.0" encoding="UTF-8"?>
<!-- Generated by org.testng.reporters.JUnitReportReporter -->
<testsuite hostname="DESKTOP-KP0OG9U" failures="0" tests="1" name="CRUDOperationUsingGenericUtilities.UpdateProject" time="3.783" errors="0" timestamp="2022-09-07T13:30:56 IST" skipped="0">
  <testcase classname="CRUDOperationUsingGenericUtilities.UpdateProject" name="updateProject" time="3.783"/>
  <system-out/>
</testsuite> <!-- CRUDOperationUsingGenericUtilities.UpdateProject -->
