<?xml version="1.0" encoding="UTF-8"?>
<!-- Generated by org.testng.reporters.JUnitReportReporter -->
<testsuite hostname="DESKTOP-KP0OG9U" failures="0" tests="1" name="Authentication.oauth2_0" time="8.477" errors="0" timestamp="2022-09-06T15:42:48 IST" skipped="0">
  <testcase classname="Authentication.oauth2_0" name="oauth2" time="8.477"/>
  <system-out/>
</testsuite> <!-- Authentication.oauth2_0 -->
