<?xml version="1.0" encoding="UTF-8"?>
<!-- Generated by org.testng.reporters.JUnitReportReporter -->
<testsuite hostname="DESKTOP-KP0OG9U" failures="0" tests="3" name="dataDrivenTesting.CreateMultipleProjectWithDiffData" time="4.179" errors="0" timestamp="2022-09-07T15:15:30 IST" skipped="0">
  <testcase classname="dataDrivenTesting.CreateMultipleProjectWithDiffData" name="CreateProject" time="3.876"/>
  <system-out/>
  <testcase classname="dataDrivenTesting.CreateMultipleProjectWithDiffData" name="CreateProject" time="0.166"/>
  <system-out/>
  <testcase classname="dataDrivenTesting.CreateMultipleProjectWithDiffData" name="CreateProject" time="0.137"/>
  <system-out/>
</testsuite> <!-- dataDrivenTesting.CreateMultipleProjectWithDiffData -->
