<?xml version="1.0" encoding="UTF-8"?>
<!-- Generated by org.testng.reporters.JUnitReportReporter -->
<testsuite hostname="DESKTOP-KP0OG9U" failures="0" tests="1" name="crudOperationWithBDD.delectProject" time="3.340" errors="0" timestamp="2022-09-02T15:49:33 IST" skipped="0">
  <testcase classname="crudOperationWithBDD.delectProject" name="delete" time="3.340"/>
  <system-out/>
</testsuite> <!-- crudOperationWithBDD.delectProject -->
