<?xml version="1.0" encoding="UTF-8"?>
<!-- Generated by org.testng.reporters.JUnitReportReporter -->
<testsuite hostname="DESKTOP-KP0OG9U" failures="0" tests="1" name="requestChaining.CreateProjectAndGetProject" time="5.904" errors="0" timestamp="2022-09-07T16:10:08 IST" skipped="0">
  <testcase classname="requestChaining.CreateProjectAndGetProject" name="requestChaining1" time="5.904"/>
  <system-out/>
</testsuite> <!-- requestChaining.CreateProjectAndGetProject -->
