<?xml version="1.0" encoding="UTF-8"?>
<!-- Generated by org.testng.reporters.JUnitReportReporter -->
<testsuite hostname="DESKTOP-KP0OG9U" failures="0" tests="1" name="crudOperationWithBDD.fetchAllProjects" time="3.470" errors="0" timestamp="2022-09-02T16:42:02 IST" skipped="0">
  <testcase classname="crudOperationWithBDD.fetchAllProjects" name="getAllProjects" time="3.470"/>
  <system-out/>
</testsuite> <!-- crudOperationWithBDD.fetchAllProjects -->
