<?xml version="1.0" encoding="UTF-8"?>
<!-- Generated by org.testng.reporters.JUnitReportReporter -->
<testsuite hostname="DESKTOP-KP0OG9U" failures="0" tests="1" name="CRUDOperationUsingGenericUtilities.deleteProject" time="3.125" errors="0" timestamp="2022-09-07T13:33:11 IST" skipped="0">
  <testcase classname="CRUDOperationUsingGenericUtilities.deleteProject" name="DeleteProject" time="3.125"/>
  <system-out/>
</testsuite> <!-- CRUDOperationUsingGenericUtilities.deleteProject -->
