<?xml version="1.0" encoding="UTF-8"?>
<!-- Generated by org.testng.reporters.JUnitReportReporter -->
<testsuite hostname="DESKTOP-KP0OG9U" failures="0" tests="1" name="CRUDOperationUsingGenericUtilities.FetchProjectTest" time="3.829" errors="0" timestamp="2022-09-07T13:17:06 IST" skipped="0">
  <testcase classname="CRUDOperationUsingGenericUtilities.FetchProjectTest" name="fetchProject" time="3.829"/>
  <system-out/>
</testsuite> <!-- CRUDOperationUsingGenericUtilities.FetchProjectTest -->
